 UP_NUM =           10
 HamilSize      8436285
 create Chash
 start raily method
 
 Current UP_NUM =           10
 number           1
 conver is    42413.9961      times
 Enegy is  0.424139947    
 norm    3.03468561    
 
 Current UP_NUM =           10
 number           2
 conver is    66196.3750      times
 Enegy is -0.237823725    
 norm    2.99091864    
 
 Current UP_NUM =           10
 number           3
 conver is    64164.1406      times
 Enegy is -0.879465103    
 norm    2.93554091    
 
 Current UP_NUM =           10
 number           4
 conver is    61754.4180      times
 Enegy is  -1.49700928    
 norm    2.87141609    
 
 Current UP_NUM =           10
 number           6
 conver is    56909.4453      times
 Enegy is  -2.65717959    
 norm    2.72295022    
 
 Current UP_NUM =           10
 number           7
 conver is    53144.8125      times
 Enegy is  -3.18862772    
 norm    2.64266419    
 
 Current UP_NUM =           10
 number           8
 conver is    49133.2070      times
 Enegy is  -3.67995977    
 norm    2.56011581    
 
 Current UP_NUM =           10
 number           9
 conver is    45559.2148      times
 Enegy is  -4.13555193    
 norm    2.47580791    
 
 Current UP_NUM =           10
 number          11
 conver is    39411.9258      times
 Enegy is  -4.95076752    
 norm    2.30640364    
 
 Current UP_NUM =           10
 number          12
 conver is    37057.0195      times
 Enegy is  -5.32133770    
 norm    2.22396851    
 
 Current UP_NUM =           10
 number          13
 conver is    34745.8867      times
 Enegy is  -5.66879654    
 norm    2.14329863    
 
 Current UP_NUM =           10
 number          14
 conver is    32414.4844      times
 Enegy is  -5.99294138    
 norm    2.06538248    
 
 Current UP_NUM =           10
 number          15
 conver is    30098.0098      times
 Enegy is  -6.29392147    
 norm    1.98951387    
 
 Current UP_NUM =           10
 number          16
 conver is    28072.8340      times
 Enegy is  -6.57464981    
 norm    1.91401660    
 
 Current UP_NUM =           10
 number          18
 conver is    24155.1875      times
 Enegy is  -7.07574844    
 norm    1.77091968    
 
 Current UP_NUM =           10
 number          19
 conver is    22294.2832      times
 Enegy is  -7.29869127    
 norm    1.70373166    
 
 Current UP_NUM =           10
 number          20
 conver is    20634.6992      times
 Enegy is  -7.50503826    
 norm    1.63927293    
 
 Current UP_NUM =           10
 number          21
 conver is    19095.4688      times
 Enegy is  -7.69599295    
 norm    1.57768893    
 
 Current UP_NUM =           10
 number          22
 conver is    17790.2695      times
 Enegy is  -7.87389565    
 norm    1.51908743    
 
 Current UP_NUM =           10
 number          23
 conver is    16404.8203      times
 Enegy is  -8.03794384    
 norm    1.46274626    
 
 Current UP_NUM =           10
 number          24
 conver is    15016.8418      times
 Enegy is  -8.18811226    
 norm    1.40865588    
 
 Current UP_NUM =           10
 number          25
 conver is    13916.7793      times
 Enegy is  -8.32728004    
 norm    1.35572290    
 
 Current UP_NUM =           10
 number          26
 conver is    12915.6113      times
 Enegy is  -8.45643616    
 norm    1.30499089    
 
 Current UP_NUM =           10
 number          27
 conver is    11855.6025      times
 Enegy is  -8.57499218    
 norm    1.25640249    
 
 Current UP_NUM =           10
 number          29
 conver is    10291.0049      times
 Enegy is  -8.79036236    
 norm    1.16570544    
 
 Current UP_NUM =           10
 number          32
 conver is    8198.73828      times
 Enegy is  -9.05784798    
 norm    1.04464424    
 
 Current UP_NUM =           10
 number          34
 conver is    7194.99609      times
 Enegy is  -9.20714092    
 norm   0.971991718    
 
 Current UP_NUM =           10
 number          35
 conver is    6665.03906      times
 Enegy is  -9.27379131    
 norm   0.937641084    
 
 Current UP_NUM =           10
 number          36
 conver is    6222.43896      times
 Enegy is  -9.33601570    
 norm   0.904775381    
 
 Current UP_NUM =           10
 number          37
 conver is    5772.11377      times
 Enegy is  -9.39373684    
 norm   0.873446882    
 
 Current UP_NUM =           10
 number          39
 conver is    4956.34082      times
 Enegy is  -9.49664497    
 norm   0.814901412    
 
 Current UP_NUM =           10
 number          40
 conver is    4712.48633      times
 Enegy is  -9.54376984    
 norm   0.787638724    
 
 Current UP_NUM =           10
 number          41
 conver is    4362.86914      times
 Enegy is  -9.58739853    
 norm   0.761693478    
 
 Current UP_NUM =           10
 number          44
 conver is    3607.27319      times
 Enegy is  -9.70379257    
 norm   0.690179408    
 
 Current UP_NUM =           10
 number          45
 conver is    3340.14893      times
 Enegy is  -9.73719406    
 norm   0.668169916    
 
 Current UP_NUM =           10
 number          46
 conver is    3122.23438      times
 Enegy is  -9.76841640    
 norm   0.647056460    
 
 Current UP_NUM =           10
 number          47
 conver is    2955.34131      times
 Enegy is  -9.79796982    
 norm   0.626887739    
 
 Current UP_NUM =           10
 number          48
 conver is    2793.69360      times
 Enegy is  -9.82590675    
 norm   0.607646465    
 
 Current UP_NUM =           10
 number          49
 conver is    2655.02930      times
 Enegy is  -9.85245705    
 norm   0.589212775    
 
 Current UP_NUM =           10
 number          50
 conver is    2445.79321      times
 Enegy is  -9.87691498    
 norm   0.571601629    
 
 Current UP_NUM =           10
 number          51
 conver is    2349.18604      times
 Enegy is  -9.90040684    
 norm   0.554806173    
 
 Current UP_NUM =           10
 number          52
 conver is    2185.63086      times
 Enegy is  -9.92226315    
 norm   0.538820624    
 
 Current UP_NUM =           10
 number          53
 conver is    2024.84131      times
 Enegy is  -9.94251156    
 norm   0.523467958    
 
 Current UP_NUM =           10
 number          54
 conver is    1919.74646      times
 Enegy is  -9.96170902    
 norm   0.508754969    
 
 Current UP_NUM =           10
 number          55
 conver is    1802.25378      times
 Enegy is  -9.97973156    
 norm   0.494602203    
 
 Current UP_NUM =           10
 number          56
 conver is    1718.13965      times
 Enegy is  -9.99691296    
 norm   0.480938345    
 
 Current UP_NUM =           10
 number          57
 conver is    1638.69861      times
 Enegy is  -10.0132999    
 norm   0.467822880    
 
 Current UP_NUM =           10
 number          60
 conver is    1394.08118      times
 Enegy is  -10.0578728    
 norm   0.431673616    
 
 Current UP_NUM =           10
 number          61
 conver is    1288.31873      times
 Enegy is  -10.0707560    
 norm   0.420642495    
 
 Current UP_NUM =           10
 number          62
 conver is    1263.33240      times
 Enegy is  -10.0833893    
 norm   0.410062373    
 
 Current UP_NUM =           10
 number          63
 conver is    1206.30261      times
 Enegy is  -10.0954523    
 norm   0.399913251    
 
 Current UP_NUM =           10
 number          64
 conver is    1152.70618      times
 Enegy is  -10.1069794    
 norm   0.390207291    
 
 Current UP_NUM =           10
 number          65
 conver is    1112.74719      times
 Enegy is  -10.1181068    
 norm   0.380941093    
 
 Current UP_NUM =           10
 number          66
 conver is    999.736816      times
 Enegy is  -10.1281042    
 norm   0.372010589    
 
 Current UP_NUM =           10
 number          67
 conver is    1013.46973      times
 Enegy is  -10.1382389    
 norm   0.363450229    
 
 Current UP_NUM =           10
 number          68
 conver is    954.341919      times
 Enegy is  -10.1477823    
 norm   0.355213434    
 
 Current UP_NUM =           10
 number          69
 conver is    863.170654      times
 Enegy is  -10.1564140    
 norm   0.347240508    
 
 Current UP_NUM =           10
 number          70
 conver is    872.135193      times
 Enegy is  -10.1651354    
 norm   0.339586705    
 
 Current UP_NUM =           10
 number          71
 conver is    815.296204      times
 Enegy is  -10.1732883    
 norm   0.332212925    
 
 Current UP_NUM =           10
 number          72
 conver is    764.179260      times
 Enegy is  -10.1809301    
 norm   0.325132996    
 
 Current UP_NUM =           10
 number          74
 conver is    749.397278      times
 Enegy is  -10.1959753    
 norm   0.311795563    
 
 Current UP_NUM =           10
 number          76
 conver is    651.264221      times
 Enegy is  -10.2094288    
 norm   0.299510360    
 
 Current UP_NUM =           10
 number          77
 conver is    666.713745      times
 Enegy is  -10.2160959    
 norm   0.293721348    
 
 Current UP_NUM =           10
 number          78
 conver is    634.670288      times
 Enegy is  -10.2224426    
 norm   0.288135588    
 
 Current UP_NUM =           10
 number          79
 conver is    610.733032      times
 Enegy is  -10.2285500    
 norm   0.282815278    
 
 Current UP_NUM =           10
 number          80
 conver is    498.390198      times
 Enegy is  -10.2335339    
 norm   0.277719140    
 
 Current UP_NUM =           10
 number          81
 conver is    560.665161      times
 Enegy is  -10.2391405    
 norm   0.272804439    
 
 Current UP_NUM =           10
 number          82
 conver is    527.381897      times
 Enegy is  -10.2444143    
 norm   0.268082559    
 
 Current UP_NUM =           10
 number          83
 conver is    491.809845      times
 Enegy is  -10.2493324    
 norm   0.263519734    
 
 Current UP_NUM =           10
 number          84
 conver is    512.409241      times
 Enegy is  -10.2544565    
 norm   0.259134144    
 
 Current UP_NUM =           10
 number          85
 conver is    495.433807      times
 Enegy is  -10.2594109    
 norm   0.254913360    
 
 Current UP_NUM =           10
 number          87
 conver is    483.608246      times
 Enegy is  -10.2686958    
 norm   0.246904880    
 
 Current UP_NUM =           10
 number          88
 conver is    441.169739      times
 Enegy is  -10.2731075    
 norm   0.243119121    
 
 Current UP_NUM =           10
 number          89
 conver is    420.856476      times
 Enegy is  -10.2773161    
 norm   0.239470795    
 
 Current UP_NUM =           10
 number          90
 conver is    412.559509      times
 Enegy is  -10.2814417    
 norm   0.235948950    
 
 Current UP_NUM =           10
 number          92
 conver is    376.510620      times
 Enegy is  -10.2890062    
 norm   0.229303911    
 
 Current UP_NUM =           10
 number          93
 conver is    394.821167      times
 Enegy is  -10.2929544    
 norm   0.226147592    
 
 Current UP_NUM =           10
 number          95
 conver is    337.982178      times
 Enegy is  -10.2998304    
 norm   0.220232412    
 
 Current UP_NUM =           10
 number          97
 conver is    358.676910      times
 Enegy is  -10.3070164    
 norm   0.214721665    
 
 Current UP_NUM =           10
 number          99
 conver is    318.145752      times
 Enegy is  -10.3134184    
 norm   0.209618151    
 
 Current UP_NUM =           10
 number         100
 conver is    318.431854      times
 Enegy is  -10.3166027    
 norm   0.207207128    
 
 Current UP_NUM =           10
 number         101
 conver is    297.927856      times
 Enegy is  -10.3195820    
 norm   0.204880372    
 
 Current UP_NUM =           10
 number         102
 conver is    282.382965      times
 Enegy is  -10.3224058    
 norm   0.202665210    
 
 Current UP_NUM =           10
 number         103
 conver is    302.410126      times
 Enegy is  -10.3254299    
 norm   0.200499862    
 
 Current UP_NUM =           10
 number         104
 conver is    281.906128      times
 Enegy is  -10.3282490    
 norm   0.198427334    
 
 Current UP_NUM =           10
 number         106
 conver is    292.682648      times
 Enegy is  -10.3339624    
 norm   0.194482312    
 
 Current UP_NUM =           10
 number         107
 conver is    262.355804      times
 Enegy is  -10.3365860    
 norm   0.192634404    
 
 Current UP_NUM =           10
 number         109
 conver is    275.230408      times
 Enegy is  -10.3420362    
 norm   0.189082652    
 
 Current UP_NUM =           10
 number         110
 conver is    274.658203      times
 Enegy is  -10.3447828    
 norm   0.187389955    
 
 Current UP_NUM =           10
 number         111
 conver is    251.579285      times
 Enegy is  -10.3472986    
 norm   0.185768291    
 
 Current UP_NUM =           10
 number         113
 conver is    246.143341      times
 Enegy is  -10.3519354    
 norm   0.182718202    
 
 Current UP_NUM =           10
 number         114
 conver is    253.486633      times
 Enegy is  -10.3544703    
 norm   0.181250468    
 
 Current UP_NUM =           10
 number         115
 conver is    225.162506      times
 Enegy is  -10.3567219    
 norm   0.179844499    
 
 Current UP_NUM =           10
 number         116
 conver is    241.184235      times
 Enegy is  -10.3591337    
 norm   0.178479955    
 
 Current UP_NUM =           10
 number         117
 conver is    214.576721      times
 Enegy is  -10.3612795    
 norm   0.177165687    
 
 Current UP_NUM =           10
 number         118
 conver is    234.413147      times
 Enegy is  -10.3636236    
 norm   0.175887331    
 
 Current UP_NUM =           10
 number         119
 conver is    202.083588      times
 Enegy is  -10.3656445    
 norm   0.174664930    
 
 Current UP_NUM =           10
 number         120
 conver is    222.206116      times
 Enegy is  -10.3678665    
 norm   0.173468009    
 
 Current UP_NUM =           10
 number         121
 conver is    220.394135      times
 Enegy is  -10.3700705    
 norm   0.172308177    
 
 Current UP_NUM =           10
 number         123
 conver is    224.208832      times
 Enegy is  -10.3744488    
 norm   0.170098290    
 
 Current UP_NUM =           10
 number         124
 conver is    224.494934      times
 Enegy is  -10.3766937    
 norm   0.169040367    
 
 Current UP_NUM =           10
 number         125
 conver is    196.456909      times
 Enegy is  -10.3786583    
 norm   0.168032885    
 
 Current UP_NUM =           10
 number         126
 conver is    216.865540      times
 Enegy is  -10.3808270    
 norm   0.167039558    
 
 Current UP_NUM =           10
 number         127
 conver is    192.165375      times
 Enegy is  -10.3827486    
 norm   0.166096285    
 
 Current UP_NUM =           10
 number         128
 conver is    211.238861      times
 Enegy is  -10.3848610    
 norm   0.165169761    
 
 Current UP_NUM =           10
 number         129
 conver is    194.931030      times
 Enegy is  -10.3868103    
 norm   0.164283395    
 
 Current UP_NUM =           10
 number         130
 conver is    189.781189      times
 Enegy is  -10.3887081    
 norm   0.163428217    
 
 Current UP_NUM =           10
 number         131
 conver is    165.176392      times
 Enegy is  -10.3903599    
 norm   0.162615508    
 
 Current UP_NUM =           10
 number         132
 conver is    176.620483      times
 Enegy is  -10.3921261    
 norm   0.161819488    
 
 Current UP_NUM =           10
 number         133
 conver is    176.811218      times
 Enegy is  -10.3938942    
 norm   0.161046475    
 
 Current UP_NUM =           10
 number         134
 conver is    186.061859      times
 Enegy is  -10.3957548    
 norm   0.160291836    
 
 Current UP_NUM =           10
 number         135
 conver is    198.078156      times
 Enegy is  -10.3977356    
 norm   0.159557790    
 
 Current UP_NUM =           10
 number         136
 conver is    169.563293      times
 Enegy is  -10.3994312    
 norm   0.158866331    
 
 Current UP_NUM =           10
 number         137
 conver is    187.873840      times
 Enegy is  -10.4013100    
 norm   0.158179969    
 
 Current UP_NUM =           10
 number         138
 conver is    148.105621      times
 Enegy is  -10.4027910    
 norm   0.157541245    
 
 Current UP_NUM =           10
 number         139
 conver is    208.663940      times
 Enegy is  -10.4048777    
 norm   0.156883240    
 
 Current UP_NUM =           10
 number         140
 conver is    190.067291      times
 Enegy is  -10.4067783    
 norm   0.156256750    
 
 Current UP_NUM =           10
 number         141
 conver is    165.748596      times
 Enegy is  -10.4084358    
 norm   0.155664921    
 
 Current UP_NUM =           10
 number         142
 conver is    174.427032      times
 Enegy is  -10.4101801    
 norm   0.155085117    
 
 Current UP_NUM =           10
 number         143
 conver is    168.991089      times
 Enegy is  -10.4118700    
 norm   0.154525742    
 
 Current UP_NUM =           10
 number         144
 conver is    148.963928      times
 Enegy is  -10.4133596    
 norm   0.154000893    
 
 Current UP_NUM =           10
 number         145
 conver is    172.710419      times
 Enegy is  -10.4150867    
 norm   0.153475448    
 
 Current UP_NUM =           10
 number         146
 conver is    163.078308      times
 Enegy is  -10.4167175    
 norm   0.152970463    
 
 Current UP_NUM =           10
 number         147
 conver is    171.089172      times
 Enegy is  -10.4184284    
 norm   0.152472898    
 
 Current UP_NUM =           10
 number         148
 conver is    124.359131      times
 Enegy is  -10.4196720    
 norm   0.152027979    
 
 Current UP_NUM =           10
 number         149
 conver is    194.454193      times
 Enegy is  -10.4216166    
 norm   0.151540190    
 
 Current UP_NUM =           10
 number         150
 conver is    187.587738      times
 Enegy is  -10.4234924    
 norm   0.151073158    
 
 Current UP_NUM =           10
 number         152
 conver is    155.830383      times
 Enegy is  -10.4267178    
 norm   0.150231138    
 
 Current UP_NUM =           10
 number         153
 conver is    145.435333      times
 Enegy is  -10.4281721    
 norm   0.149841756    
 
 Current UP_NUM =           10
 number         154
 conver is    161.933899      times
 Enegy is  -10.4297915    
 norm   0.149449691    
 
 Current UP_NUM =           10
 number         155
 conver is    144.577026      times
 Enegy is  -10.4312372    
 norm   0.149086699    
 
 Current UP_NUM =           10
 number         156
 conver is    163.650513      times
 Enegy is  -10.4328737    
 norm   0.148714796    
 
 Current UP_NUM =           10
 number         157
 conver is    165.557861      times
 Enegy is  -10.4345293    
 norm   0.148353234    
 
 Current UP_NUM =           10
 number         158
 conver is    117.397308      times
 Enegy is  -10.4357033    
 norm   0.148041382    
 
 Current UP_NUM =           10
 number         159
 conver is    188.636780      times
 Enegy is  -10.4375896    
 norm   0.147686094    
 
 Current UP_NUM =           10
 number         160
 conver is    174.236298      times
 Enegy is  -10.4393320    
 norm   0.147352904    
 
 Current UP_NUM =           10
 number         162
 conver is    157.928467      times
 Enegy is  -10.4425545    
 norm   0.146738932    
 
 Current UP_NUM =           10
 number         163
 conver is    121.498108      times
 Enegy is  -10.4437695    
 norm   0.146477714    
 
 Current UP_NUM =           10
 number         164
 conver is    141.429901      times
 Enegy is  -10.4451838    
 norm   0.146211803    
 
 Current UP_NUM =           10
 number         165
 conver is    170.326233      times
 Enegy is  -10.4468870    
 norm   0.145930544    
 
 Current UP_NUM =           10
 number         166
 conver is    125.789642      times
 Enegy is  -10.4481449    
 norm   0.145695671    
 
 Current UP_NUM =           10
 number         169
 conver is    119.400024      times
 Enegy is  -10.4530306    
 norm   0.144952476    
 
 Current UP_NUM =           10
 number         170
 conver is    152.111053      times
 Enegy is  -10.4545517    
 norm   0.144725770    
 
 Current UP_NUM =           10
 number         171
 conver is    155.258179      times
 Enegy is  -10.4561043    
 norm   0.144505978    
 
 Current UP_NUM =           10
 number         172
 conver is    154.972076      times
 Enegy is  -10.4576540    
 norm   0.144296646    
 
 Current UP_NUM =           10
 number         173
 conver is    159.835815      times
 Enegy is  -10.4592524    
 norm   0.144085571    
 
 Current UP_NUM =           10
 number         174
 conver is    145.530701      times
 Enegy is  -10.4607077    
 norm   0.143894479    
 
 Current UP_NUM =           10
 number         175
 conver is    150.966644      times
 Enegy is  -10.4622173    
 norm   0.143708810    
 
 Current UP_NUM =           10
 number         176
 conver is    150.680542      times
 Enegy is  -10.4637241    
 norm   0.143524095    
 
 Current UP_NUM =           10
 number         177
 conver is    134.754181      times
 Enegy is  -10.4650717    
 norm   0.143361807    
 
 Current UP_NUM =           10
 number         178
 conver is    137.615204      times
 Enegy is  -10.4664478    
 norm   0.143204346    
 
 Current UP_NUM =           10
 number         179
 conver is    161.647797      times
 Enegy is  -10.4680643    
 norm   0.143032357    
 
 Current UP_NUM =           10
 number         185
 conver is    147.438049      times
 Enegy is  -10.4769669    
 norm   0.142193288    
 
 Current UP_NUM =           10
 number         186
 conver is    140.953064      times
 Enegy is  -10.4783764    
 norm   0.142076656    
 
 Current UP_NUM =           10
 number         187
 conver is    153.827667      times
 Enegy is  -10.4799147    
 norm   0.141953498    
 
 Current UP_NUM =           10
 number         188
 conver is    160.884857      times
 Enegy is  -10.4815235    
 norm   0.141830698    
 
 Current UP_NUM =           10
 number         189
 conver is    125.885010      times
 Enegy is  -10.4827824    
 norm   0.141737998    
 
 Current UP_NUM =           10
 number         190
 conver is    164.413452      times
 Enegy is  -10.4844265    
 norm   0.141618326    
 
 Current UP_NUM =           10
 number         191
 conver is    157.642365      times
 Enegy is  -10.4860029    
 norm   0.141510516    
 
 Current UP_NUM =           10
 number         193
 conver is    130.748749      times
 Enegy is  -10.4886475    
 norm   0.141344890    
 
 Current UP_NUM =           10
 number         194
 conver is    153.636932      times
 Enegy is  -10.4901838    
 norm   0.141250670    
 
 Current UP_NUM =           10
 number         195
 conver is    133.800507      times
 Enegy is  -10.4915218    
 norm   0.141175956    
 
 Current UP_NUM =           10
 number         196
 conver is    142.860413      times
 Enegy is  -10.4929504    
 norm   0.141097531    
 
 Current UP_NUM =           10
 number         197
 conver is    123.023987      times
 Enegy is  -10.4941807    
 norm   0.141035870    
 
 Current UP_NUM =           10
 number         200
 conver is    168.991089      times
 Enegy is  -10.4987040    
 norm   0.140804574    
 
 Current UP_NUM =           10
 number         201
 conver is    157.070160      times
 Enegy is  -10.5002747    
 norm   0.140728608    
 
 Current UP_NUM =           10
 number         202
 conver is    154.495239      times
 Enegy is  -10.5018196    
 norm   0.140655309    
 
 Current UP_NUM =           10
 number         203
 conver is    119.495392      times
 Enegy is  -10.5030146    
 norm   0.140610904    
 
 Current UP_NUM =           10
 number         204
 conver is    153.827667      times
 Enegy is  -10.5045528    
 norm   0.140543163    
 
 Current UP_NUM =           10
 number         206
 conver is    162.029266      times
 Enegy is  -10.5076704    
 norm   0.140408590    
 
 Current UP_NUM =           10
 number         207
 conver is    117.206573      times
 Enegy is  -10.5088425    
 norm   0.140371621    
 
 Current UP_NUM =           10
 number         208
 conver is    161.170959      times
 Enegy is  -10.5104542    
 norm   0.140305594    
 
 Current UP_NUM =           10
 number         209
 conver is    164.508820      times
 Enegy is  -10.5120993    
 norm   0.140237540    
 
 Current UP_NUM =           10
 number         210
 conver is    142.383575      times
 Enegy is  -10.5135231    
 norm   0.140186131    
 
 Current UP_NUM =           10
 number         212
 conver is    146.675110      times
 Enegy is  -10.5163393    
 norm   0.140086964    
 
 Current UP_NUM =           10
 number         213
 conver is    141.906738      times
 Enegy is  -10.5177584    
 norm   0.140039295    
 
 Current UP_NUM =           10
 number         214
 conver is    160.884857      times
 Enegy is  -10.5193672    
 norm   0.139978901    
 
 Current UP_NUM =           10
 number         215
 conver is    114.440918      times
 Enegy is  -10.5205116    
 norm   0.139949039    
 
 Current UP_NUM =           10
 number         216
 conver is    138.092041      times
 Enegy is  -10.5218925    
 norm   0.139904976    
 
 Current UP_NUM =           10
 number         217
 conver is    129.318237      times
 Enegy is  -10.5231857    
 norm   0.139866993    
 
 Current UP_NUM =           10
 number         219
 conver is    126.838684      times
 Enegy is  -10.5259829    
 norm   0.139774233    
 
 Current UP_NUM =           10
 number         220
 conver is    154.113770      times
 Enegy is  -10.5275240    
 norm   0.139717966    
 
 Current UP_NUM =           10
 number         222
 conver is    147.914886      times
 Enegy is  -10.5304241    
 norm   0.139613479    
 
 Current UP_NUM =           10
 number         223
 conver is    130.462646      times
 Enegy is  -10.5317287    
 norm   0.139570922    
 
 Current UP_NUM =           10
 number         225
 conver is    145.912170      times
 Enegy is  -10.5342312    
 norm   0.139488801    
 
 Current UP_NUM =           10
 number         226
 conver is    170.230865      times
 Enegy is  -10.5359335    
 norm   0.139413744    
 
 Current UP_NUM =           10
 number         227
 conver is    156.402588      times
 Enegy is  -10.5374975    
 norm   0.139348179    
 
 Current UP_NUM =           10
 number         228
 conver is    143.527985      times
 Enegy is  -10.5389328    
 norm   0.139288202    
 
 Current UP_NUM =           10
 number         229
 conver is    158.023834      times
 Enegy is  -10.5405130    
 norm   0.139217198    
 
 Current UP_NUM =           10
 number         230
 conver is    131.607056      times
 Enegy is  -10.5418291    
 norm   0.139162928    
 
 Current UP_NUM =           10
 number         231
 conver is    136.661530      times
 Enegy is  -10.5431957    
 norm   0.139104038    
 
 Current UP_NUM =           10
 number         232
 conver is    150.966644      times
 Enegy is  -10.5447054    
 norm   0.139031842    
 
 Current UP_NUM =           10
 number         233
 conver is    166.702271      times
 Enegy is  -10.5463724    
 norm   0.138947994    
 
 Current UP_NUM =           10
 number         234
 conver is    138.378143      times
 Enegy is  -10.5477562    
 norm   0.138881981    
 
 Current UP_NUM =           10
 number         236
 conver is    136.375427      times
 Enegy is  -10.5505257    
 norm   0.138740093    
 
 Current UP_NUM =           10
 number         237
 conver is    140.666962      times
 Enegy is  -10.5519323    
 norm   0.138665676    
 
 Current UP_NUM =           10
 number         239
 conver is    129.604340      times
 Enegy is  -10.5545225    
 norm   0.138523266    
 
 Current UP_NUM =           10
 number         240
 conver is    161.457062      times
 Enegy is  -10.5561371    
 norm   0.138423905    
 
 Current UP_NUM =           10
 number         241
 conver is    143.432617      times
 Enegy is  -10.5575714    
 norm   0.138332874    
 
 Current UP_NUM =           10
 number         242
 conver is    130.081177      times
 Enegy is  -10.5588722    
 norm   0.138249159    
 
 Current UP_NUM =           10
 number         243
 conver is    137.424469      times
 Enegy is  -10.5602465    
 norm   0.138156533    
 
 Current UP_NUM =           10
 number         245
 conver is    133.419037      times
 Enegy is  -10.5632868    
 norm   0.137940392    
 
 Current UP_NUM =           10
 number         246
 conver is    135.707855      times
 Enegy is  -10.5646439    
 norm   0.137839749    
 
 Current UP_NUM =           10
 number         247
 conver is    148.105621      times
 Enegy is  -10.5661249    
 norm   0.137725964    
 
 Current UP_NUM =           10
 number         248
 conver is    164.127350      times
 Enegy is  -10.5677662    
 norm   0.137598366    
 
 Current UP_NUM =           10
 number         249
 conver is    143.623352      times
 Enegy is  -10.5692024    
 norm   0.137480021    
 
 Current UP_NUM =           10
 number         250
 conver is    114.059448      times
 Enegy is  -10.5703430    
 norm   0.137376666    
 
 Current UP_NUM =           10
 number         251
 conver is    153.064728      times
 Enegy is  -10.5718737    
 norm   0.137246713    
 
 Current UP_NUM =           10
 number         252
 conver is    122.356415      times
 Enegy is  -10.5730972    
 norm   0.137131542    
 
 Current UP_NUM =           10
 number         253
 conver is    153.160095      times
 Enegy is  -10.5746288    
 norm   0.136993065    
 
 Current UP_NUM =           10
 number         254
 conver is    131.797791      times
 Enegy is  -10.5759468    
 norm   0.136866912    
 
 Current UP_NUM =           10
 number         256
 conver is    126.647949      times
 Enegy is  -10.5787153    
 norm   0.136583343    
 
 Current UP_NUM =           10
 number         257
 conver is    152.683258      times
 Enegy is  -10.5802422    
 norm   0.136428833    
 
 Current UP_NUM =           10
 number         258
 conver is    122.261047      times
 Enegy is  -10.5814648    
 norm   0.136287168    
 
 Current UP_NUM =           10
 number         259
 conver is    141.525269      times
 Enegy is  -10.5828800    
 norm   0.136127517    
 
 Current UP_NUM =           10
 number         261
 conver is    132.179260      times
 Enegy is  -10.5854359    
 norm   0.135814682    
 
 Current UP_NUM =           10
 number         262
 conver is    136.661530      times
 Enegy is  -10.5868025    
 norm   0.135645613    
 
 Current UP_NUM =           10
 number         264
 conver is    116.062164      times
 Enegy is  -10.5894613    
 norm   0.135292888    
 
 Current UP_NUM =           10
 number         266
 conver is    138.187408      times
 Enegy is  -10.5921288    
 norm   0.134920225    
 
 Current UP_NUM =           10
 number         267
 conver is    114.440918      times
 Enegy is  -10.5932732    
 norm   0.134738505    
 
 Current UP_NUM =           10
 number         268
 conver is    115.299225      times
 Enegy is  -10.5944262    
 norm   0.134554029    
 
 Current UP_NUM =           10
 number         270
 conver is    131.225586      times
 Enegy is  -10.5971823    
 norm   0.134136856    
 
 Current UP_NUM =           10
 number         271
 conver is    136.661530      times
 Enegy is  -10.5985489    
 norm   0.133922473    
 
 Current UP_NUM =           10
 number         272
 conver is    123.310089      times
 Enegy is  -10.5997820    
 norm   0.133708358    
 
 Current UP_NUM =           10
 number         273
 conver is    153.064728      times
 Enegy is  -10.6013126    
 norm   0.133473560    
 
 Current UP_NUM =           10
 number         274
 conver is    97.8469849      times
 Enegy is  -10.6022911    
 norm   0.133268848    
 
 Current UP_NUM =           10
 number         275
 conver is    133.514404      times
 Enegy is  -10.6036263    
 norm   0.133032665    
 
 Current UP_NUM =           10
 number         276
 conver is    113.487244      times
 Enegy is  -10.6047611    
 norm   0.132805705    
 
 Current UP_NUM =           10
 number         277
 conver is    166.702271      times
 Enegy is  -10.6064281    
 norm   0.132537588    
 
 Current UP_NUM =           10
 number         279
 conver is    127.220154      times
 Enegy is  -10.6088839    
 norm   0.132040516    
 
 Current UP_NUM =           10
 number         280
 conver is    148.487091      times
 Enegy is  -10.6103687    
 norm   0.131769210    
 
 Current UP_NUM =           10
 number         281
 conver is    139.808655      times
 Enegy is  -10.6117668    
 norm   0.131500244    
 
 Current UP_NUM =           10
 number         282
 conver is    125.694275      times
 Enegy is  -10.6130238    
 norm   0.131237417    
 
 Current UP_NUM =           10
 number         283
 conver is    104.236603      times
 Enegy is  -10.6140661    
 norm   0.130977467    
 
 Current UP_NUM =           10
 number         284
 conver is    128.269196      times
 Enegy is  -10.6153488    
 norm   0.130700037    
 
 Current UP_NUM =           10
 number         286
 conver is    107.192993      times
 Enegy is  -10.6176796    
 norm   0.130139112    
 
 Current UP_NUM =           10
 number         287
 conver is    131.320953      times
 Enegy is  -10.6189928    
 norm   0.129841626    
 
 Current UP_NUM =           10
 number         288
 conver is    127.410889      times
 Enegy is  -10.6202669    
 norm   0.129540756    
 
 Current UP_NUM =           10
 number         289
 conver is    100.612640      times
 Enegy is  -10.6212730    
 norm   0.129256651    
 
 Current UP_NUM =           10
 number         291
 conver is    108.051300      times
 Enegy is  -10.6236391    
 norm   0.128642678    
 
 Current UP_NUM =           10
 number         292
 conver is    142.574310      times
 Enegy is  -10.6250648    
 norm   0.128310174    
 
 Current UP_NUM =           10
 number         293
 conver is    139.617920      times
 Enegy is  -10.6264610    
 norm   0.127975374    
 
 Current UP_NUM =           10
 number         294
 conver is    101.852417      times
 Enegy is  -10.6274796    
 norm   0.127659902    
 
 Current UP_NUM =           10
 number         295
 conver is    129.508972      times
 Enegy is  -10.6287746    
 norm   0.127319574    
 
 Current UP_NUM =           10
 number         296
 conver is    120.639801      times
 Enegy is  -10.6299810    
 norm   0.126981691    
 
 Current UP_NUM =           10
 number         297
 conver is    118.446350      times
 Enegy is  -10.6311655    
 norm   0.126640856    
 
 Current UP_NUM =           10
 number         298
 conver is    68.0923462      times
 Enegy is  -10.6318464    
 norm   0.126327991    
 
 Current UP_NUM =           10
 number         299
 conver is    147.533417      times
 Enegy is  -10.6333218    
 norm   0.125958726    
 
 Current UP_NUM =           10
 number         300
 conver is    104.141235      times
 Enegy is  -10.6343632    
 norm   0.125610992    
 
 Current UP_NUM =           10
 number         301
 conver is    113.868713      times
 Enegy is  -10.6355019    
 norm   0.125252828    
 
 Current UP_NUM =           10
 number         302
 conver is    112.247467      times
 Enegy is  -10.6366243    
 norm   0.124893226    
 
 Current UP_NUM =           10
 number         303
 conver is    117.874146      times
 Enegy is  -10.6378031    
 norm   0.124520212    
 
 Current UP_NUM =           10
 number         304
 conver is    91.0758972      times
 Enegy is  -10.6387138    
 norm   0.124160059    
 
 Current UP_NUM =           10
 number         305
 conver is    107.574463      times
 Enegy is  -10.6397896    
 norm   0.123784430    
 
 Current UP_NUM =           10
 number         306
 conver is    110.912323      times
 Enegy is  -10.6408987    
 norm   0.123404332    
 
 Current UP_NUM =           10
 number         307
 conver is    114.917755      times
 Enegy is  -10.6420479    
 norm   0.123013355    
 
 Current UP_NUM =           10
 number         308
 conver is    101.280212      times
 Enegy is  -10.6430607    
 norm   0.122629069    
 
 Current UP_NUM =           10
 number         309
 conver is    91.0758972      times
 Enegy is  -10.6439714    
 norm   0.122247569    
 
 Current UP_NUM =           10
 number         310
 conver is    115.108490      times
 Enegy is  -10.6451225    
 norm   0.121844724    
 
 Current UP_NUM =           10
 number         312
 conver is    107.192993      times
 Enegy is  -10.6472235    
 norm   0.121038713    
 
 Current UP_NUM =           10
 number         314
 conver is    101.470947      times
 Enegy is  -10.6491976    
 norm   0.120223239    
 
 Current UP_NUM =           10
 number         316
 conver is    108.909607      times
 Enegy is  -10.6512995    
 norm   0.119384333    
 
 Current UP_NUM =           10
 number         317
 conver is    108.146667      times
 Enegy is  -10.6523809    
 norm   0.118954070    
 
 Current UP_NUM =           10
 number         318
 conver is    101.089478      times
 Enegy is  -10.6533918    
 norm   0.118529186    
 
 Current UP_NUM =           10
 number         319
 conver is    85.9260559      times
 Enegy is  -10.6542511    
 norm   0.118110575    
 
 Current UP_NUM =           10
 number         320
 conver is    63.8008118      times
 Enegy is  -10.6548891    
 norm   0.117703781    
 
 Current UP_NUM =           10
 number         321
 conver is    127.792358      times
 Enegy is  -10.6561670    
 norm   0.117242329    
 
 Current UP_NUM =           10
 number         322
 conver is    65.8035278      times
 Enegy is  -10.6568251    
 norm   0.116828091    
 
 Current UP_NUM =           10
 number         323
 conver is    104.236603      times
 Enegy is  -10.6578674    
 norm   0.116378412    
 
 Current UP_NUM =           10
 number         324
 conver is    97.0840454      times
 Enegy is  -10.6588383    
 norm   0.115930825    
 
 Current UP_NUM =           10
 number         325
 conver is    98.0377197      times
 Enegy is  -10.6598186    
 norm   0.115479715    
 
 Current UP_NUM =           10
 number         327
 conver is    91.1712646      times
 Enegy is  -10.6615486    
 norm   0.114586174    
 
 Current UP_NUM =           10
 number         329
 conver is    101.184845      times
 Enegy is  -10.6636038    
 norm   0.113649048    
 
 Current UP_NUM =           10
 number         330
 conver is    113.296509      times
 Enegy is  -10.6647367    
 norm   0.113167822    
 
 Current UP_NUM =           10
 number         331
 conver is    74.6726990      times
 Enegy is  -10.6654835    
 norm   0.112715028    
 
 Current UP_NUM =           10
 number         332
 conver is    108.623505      times
 Enegy is  -10.6665697    
 norm   0.112231910    
 
 Current UP_NUM =           10
 number         333
 conver is    89.5500183      times
 Enegy is  -10.6674652    
 norm   0.111761652    
 
 Current UP_NUM =           10
 number         334
 conver is    70.2857971      times
 Enegy is  -10.6681681    
 norm   0.111304738    
 
 Current UP_NUM =           10
 number         336
 conver is    76.7707825      times
 Enegy is  -10.6697121    
 norm   0.110370502    
 
 Current UP_NUM =           10
 number         337
 conver is    84.5909119      times
 Enegy is  -10.6705580    
 norm   0.109895594    
 
 Current UP_NUM =           10
 number         339
 conver is    63.2286072      times
 Enegy is  -10.6719685    
 norm   0.108964071    
 
 Current UP_NUM =           10
 number         340
 conver is    82.5881958      times
 Enegy is  -10.6727943    
 norm   0.108480752    
 
 Current UP_NUM =           10
 number         341
 conver is    93.9369202      times
 Enegy is  -10.6737337    
 norm   0.107987046    
 
 Current UP_NUM =           10
 number         342
 conver is    80.6808472      times
 Enegy is  -10.6745405    
 norm   0.107499592    
 
 Current UP_NUM =           10
 number         343
 conver is    68.4738159      times
 Enegy is  -10.6752253    
 norm   0.107020266    
 
 Current UP_NUM =           10
 number         344
 conver is    77.5337219      times
 Enegy is  -10.6760006    
 norm   0.106533885    
 
 Current UP_NUM =           10
 number         345
 conver is    69.7135925      times
 Enegy is  -10.6766977    
 norm   0.106050558    
 
 Current UP_NUM =           10
 number         346
 conver is    90.3129578      times
 Enegy is  -10.6776009    
 norm   0.105550133    
 
 Current UP_NUM =           10
 number         347
 conver is    96.0350037      times
 Enegy is  -10.6785612    
 norm   0.105042107    
 
 Current UP_NUM =           10
 number         349
 conver is    92.4110413      times
 Enegy is  -10.6803474    
 norm   0.104029126    
 
 Current UP_NUM =           10
 number         350
 conver is    78.8688660      times
 Enegy is  -10.6811361    
 norm   0.103528902    
 
 Current UP_NUM =           10
 number         351
 conver is    48.5420227      times
 Enegy is  -10.6816216    
 norm   0.103057921    
 
 Current UP_NUM =           10
 number         352
 conver is    66.3757324      times
 Enegy is  -10.6822853    
 norm   0.102568194    
 
 Current UP_NUM =           10
 number         353
 conver is    67.3294067      times
 Enegy is  -10.6829586    
 norm   0.102076784    
 
 Current UP_NUM =           10
 number         355
 conver is    97.5608826      times
 Enegy is  -10.6846828    
 norm   0.101047039    
 
 Current UP_NUM =           10
 number         356
 conver is    67.0433044      times
 Enegy is  -10.6853533    
 norm   0.100550853    
 
 Current UP_NUM =           10
 number         357
 conver is    79.1549683      times
 Enegy is  -10.6861448    
 norm   0.100043707    
 
 Current UP_NUM =           10
 number         358
 conver is    72.0977783      times
 Enegy is  -10.6868658    
 norm    9.95442122E-02
 
 Current UP_NUM =           10
 number         359
 conver is    67.9016113      times
 Enegy is  -10.6875448    
 norm    9.90450829E-02
 
 Current UP_NUM =           10
 number         360
 conver is    87.0704651      times
 Enegy is  -10.6884155    
 norm    9.85224769E-02
 
 Current UP_NUM =           10
 number         361
 conver is    61.0351562      times
 Enegy is  -10.6890259    
 norm    9.80314985E-02
 
 Current UP_NUM =           10
 number         362
 conver is    69.4274902      times
 Enegy is  -10.6897202    
 norm    9.75269452E-02
 
 Current UP_NUM =           10
 number         363
 conver is    49.1142273      times
 Enegy is  -10.6902113    
 norm    9.70467106E-02
 
 Current UP_NUM =           10
 number         364
 conver is    50.9262085      times
 Enegy is  -10.6907206    
 norm    9.65587944E-02
 
 Current UP_NUM =           10
 number         365
 conver is    80.5854797      times
 Enegy is  -10.6915264    
 norm    9.60471779E-02
 
 Current UP_NUM =           10
 number         366
 conver is    63.0378723      times
 Enegy is  -10.6921568    
 norm    9.55464467E-02
 
 Current UP_NUM =           10
 number         368
 conver is    55.7899475      times
 Enegy is  -10.6931391    
 norm    9.45683718E-02
 
 Current UP_NUM =           10
 number         369
 conver is    78.2966614      times
 Enegy is  -10.6939220    
 norm    9.40489545E-02
 
 Current UP_NUM =           10
 number         370
 conver is    52.9289246      times
 Enegy is  -10.6944513    
 norm    9.35546830E-02
 
 Current UP_NUM =           10
 number         371
 conver is    48.2559204      times
 Enegy is  -10.6949339    
 norm    9.30678546E-02
 
 Current UP_NUM =           10
 number         372
 conver is    57.7926636      times
 Enegy is  -10.6955118    
 norm    9.25713181E-02
 
 Current UP_NUM =           10
 number         375
 conver is    73.0514526      times
 Enegy is  -10.6972008    
 norm    9.10823718E-02
 
 Current UP_NUM =           10
 number         376
 conver is    77.6290894      times
 Enegy is  -10.6979771    
 norm    9.05604139E-02
 
 Current UP_NUM =           10
 number         377
 conver is    70.5718994      times
 Enegy is  -10.6986828    
 norm    9.00448561E-02
 
 Current UP_NUM =           10
 number         378
 conver is    51.9752502      times
 Enegy is  -10.6992025    
 norm    8.95513222E-02
 
 Current UP_NUM =           10
 number         379
 conver is    42.2477722      times
 Enegy is  -10.6996250    
 norm    8.90711993E-02
 
 Current UP_NUM =           10
 number         380
 conver is    60.0814819      times
 Enegy is  -10.7002258    
 norm    8.85692835E-02
 
 Current UP_NUM =           10
 number         382
 conver is    31.2805176      times
 Enegy is  -10.7010050    
 norm    8.76096711E-02
 
 Current UP_NUM =           10
 number         385
 conver is    74.1004944      times
 Enegy is  -10.7029409    
 norm    8.60743672E-02
 
 Current UP_NUM =           10
 number         387
 conver is    42.2477722      times
 Enegy is  -10.7037678    
 norm    8.51118714E-02
 
 Current UP_NUM =           10
 number         388
 conver is    47.0161438      times
 Enegy is  -10.7042379    
 norm    8.46264660E-02
 
 Current UP_NUM =           10
 number         389
 conver is    55.9806824      times
 Enegy is  -10.7047977    
 norm    8.41267183E-02
 
 Current UP_NUM =           10
 number         390
 conver is    57.6019287      times
 Enegy is  -10.7053738    
 norm    8.36254209E-02
 
 Current UP_NUM =           10
 number         391
 conver is    21.3623047      times
 Enegy is  -10.7055874    
 norm    8.31735954E-02
 
 Current UP_NUM =           10
 number         393
 conver is    43.4875488      times
 Enegy is  -10.7065754    
 norm    8.21985602E-02
 
 Current UP_NUM =           10
 number         394
 conver is    55.1223755      times
 Enegy is  -10.7071266    
 norm    8.17034692E-02
 
 Current UP_NUM =           10
 number         395
 conver is    42.4385071      times
 Enegy is  -10.7075510    
 norm    8.12246799E-02
 
 Current UP_NUM =           10
 number         398
 conver is    45.0134277      times
 Enegy is  -10.7088289    
 norm    7.97952935E-02
 
 Current UP_NUM =           10
 number         399
 conver is    47.5883484      times
 Enegy is  -10.7093048    
 norm    7.93126374E-02
 
 Current UP_NUM =           10
 number         401
 conver is    54.7409058      times
 Enegy is  -10.7102165    
 norm    7.83575475E-02
 
 Current UP_NUM =           10
 number         402
 conver is    52.1659851      times
 Enegy is  -10.7107382    
 norm    7.78710991E-02
 
 Current UP_NUM =           10
 number         403
 conver is    30.6129456      times
 Enegy is  -10.7110443    
 norm    7.74176642E-02
 
 Current UP_NUM =           10
 number         404
 conver is    77.0568848      times
 Enegy is  -10.7118149    
 norm    7.69009963E-02
 
 Current UP_NUM =           10
 number         405
 conver is    45.0134277      times
 Enegy is  -10.7122650    
 norm    7.64308199E-02
 
 Current UP_NUM =           10
 number         406
 conver is    26.6075134      times
 Enegy is  -10.7125311    
 norm    7.59863332E-02
 
 Current UP_NUM =           10
 number         408
 conver is    46.2532043      times
 Enegy is  -10.7134638    
 norm    7.50395432E-02
 
 Current UP_NUM =           10
 number         409
 conver is    11.9209290      times
 Enegy is  -10.7135830    
 norm    7.46183172E-02
 
 Current UP_NUM =           10
 number         410
 conver is    46.6346741      times
 Enegy is  -10.7140493    
 norm    7.41511062E-02
 
 Current UP_NUM =           10
 number         411
 conver is    33.3786011      times
 Enegy is  -10.7143831    
 norm    7.37016797E-02
 
 Current UP_NUM =           10
 number         412
 conver is    54.0733337      times
 Enegy is  -10.7149239    
 norm    7.32225999E-02
 
 Current UP_NUM =           10
 number         413
 conver is    43.4875488      times
 Enegy is  -10.7153587    
 norm    7.27627724E-02
 
 Current UP_NUM =           10
 number         415
 conver is    27.4658203      times
 Enegy is  -10.7161179    
 norm    7.18614385E-02
 
 Current UP_NUM =           10
 number         417
 conver is    54.1687012      times
 Enegy is  -10.7168865    
 norm    7.09633231E-02
 
 Current UP_NUM =           10
 number         418
 conver is    36.5257263      times
 Enegy is  -10.7172518    
 norm    7.05231801E-02
 
 Current UP_NUM =           10
 number         419
 conver is    26.2260437      times
 Enegy is  -10.7175140    
 norm    7.00967386E-02
 
 Current UP_NUM =           10
 number         421
 conver is    24.7001648      times
 Enegy is  -10.7182970    
 norm    6.92100972E-02
 
 Current UP_NUM =           10
 number         424
 conver is    22.4113464      times
 Enegy is  -10.7192602    
 norm    6.79269508E-02
 
 Current UP_NUM =           10
 number         425
 conver is    26.4167786      times
 Enegy is  -10.7195244    
 norm    6.75078332E-02
 
 Current UP_NUM =           10
 number         426
 conver is    30.8036804      times
 Enegy is  -10.7198324    
 norm    6.70818314E-02
 
 Current UP_NUM =           10
 number         428
 conver is    45.6809998      times
 Enegy is  -10.7204895    
 norm    6.62303194E-02
 
 Current UP_NUM =           10
 number         429
 conver is    26.8936157      times
 Enegy is  -10.7207584    
 norm    6.58182651E-02
 
 Current UP_NUM =           10
 number         430
 conver is    38.7191772      times
 Enegy is  -10.7211456    
 norm    6.53852224E-02
 
 Current UP_NUM =           10
 number         432
 conver is    19.4549561      times
 Enegy is  -10.7216606    
 norm    6.45710975E-02
 
 Current UP_NUM =           10
 number         433
 conver is    22.6020813      times
 Enegy is  -10.7218866    
 norm    6.41688854E-02
 
 Current UP_NUM =           10
 number         434
 conver is    44.6319580      times
 Enegy is  -10.7223330    
 norm    6.37338907E-02
 
 Current UP_NUM =           10
 number         435
 conver is    4.00543213      times
 Enegy is  -10.7223730    
 norm    6.33697510E-02
 
 Current UP_NUM =           10
 number         436
 conver is    38.5284424      times
 Enegy is  -10.7227583    
 norm    6.29477203E-02
 
 Current UP_NUM =           10
 number         437
 conver is    23.9372253      times
 Enegy is  -10.7229977    
 norm    6.25514463E-02
 
 Current UP_NUM =           10
 number         438
 conver is    8.01086426      times
 Enegy is  -10.7230778    
 norm    6.21847473E-02
 
 Current UP_NUM =           10
 number         439
 conver is    23.3650208      times
 Enegy is  -10.7233114    
 norm    6.17894195E-02
 
 Current UP_NUM =           10
 number         440
 conver is    27.8472900      times
 Enegy is  -10.7235899    
 norm    6.13876656E-02
 
 Current UP_NUM =           10
 number         441
 conver is    8.67843628      times
 Enegy is  -10.7236767    
 norm    6.10223003E-02
 
 Current UP_NUM =           10
 number         442
 conver is    20.8854675      times
 Enegy is  -10.7238855    
 norm    6.06380068E-02
 
 Current UP_NUM =           10
 number         443
 conver is    26.6075134      times
 Enegy is  -10.7241516    
 norm    6.02448136E-02
 
 Current UP_NUM =           10
 number         444
 conver is    16.9754028      times
 Enegy is  -10.7243214    
 norm    5.98706231E-02
 
 Current UP_NUM =           10
 number         445
 conver is    35.6674194      times
 Enegy is  -10.7246780    
 norm    5.94651364E-02
 
 Current UP_NUM =           10
 number         446
 conver is    26.4167786      times
 Enegy is  -10.7249422    
 norm    5.90756536E-02
 
 Current UP_NUM =           10
 number         448
 conver is    2.76565552      times
 Enegy is  -10.7252197    
 norm    5.83521314E-02
 
 Current UP_NUM =           10
 number         450
 conver is    23.0789185      times
 Enegy is  -10.7256546    
 norm    5.76075725E-02
 
 Current UP_NUM =           10
 number         451
 conver is    19.2642212      times
 Enegy is  -10.7258472    
 norm    5.72412759E-02
 
 Current UP_NUM =           10
 number         452
 conver is    14.9726868      times
 Enegy is  -10.7259970    
 norm    5.68863638E-02
 
 Current UP_NUM =           10
 number         453
 conver is    15.8309937      times
 Enegy is  -10.7261553    
 norm    5.65312095E-02
 
 Current UP_NUM =           10
 number         454
 conver is    19.7410583      times
 Enegy is  -10.7263527    
 norm    5.61679043E-02
 
 Current UP_NUM =           10
 number         455
 conver is    18.5012817      times
 Enegy is  -10.7265377    
 norm    5.58100902E-02
 
 Current UP_NUM =           10
 number         456
 conver is    7.62939453      times
 Enegy is  -10.7266140    
 norm    5.54778799E-02
 
 Current UP_NUM =           10
 number         457
 conver is    16.8800354      times
 Enegy is  -10.7267828    
 norm    5.51282093E-02
 
 Current UP_NUM =           10
 number         458
 conver is    19.2642212      times
 Enegy is  -10.7269754    
 norm    5.47734126E-02
 
 Current UP_NUM =           10
 number         459
 conver is    22.5067139      times
 Enegy is  -10.7272005    
 norm    5.44155054E-02
 
 Current UP_NUM =           10
 number         460
 conver is    22.4113464      times
 Enegy is  -10.7274246    
 norm    5.40616661E-02
 
 Current UP_NUM =           10
 number         461
 conver is    15.0680542      times
 Enegy is  -10.7275753    
 norm    5.37236705E-02
 
 Current UP_NUM =           10
 number         462
 conver is    4.48226929      times
 Enegy is  -10.7276201    
 norm    5.34109697E-02
 
 Current UP_NUM =           10
 number         463
 conver is   0.762939453      times
 Enegy is  -10.7276125    
 norm    5.31117693E-02
 
 Current UP_NUM =           10
 number         464
 conver is    9.34600830      times
 Enegy is  -10.7277060    
 norm    5.27910292E-02
 
 Current UP_NUM =           10
 number         465
 conver is    15.9263611      times
 Enegy is  -10.7278652    
 norm    5.24585173E-02
 
 Current UP_NUM =           10
 number         466
 conver is    11.2533569      times
 Enegy is  -10.7279778    
 norm    5.21393567E-02
 
 Current UP_NUM =           10
 number         467
 conver is    9.82284546      times
 Enegy is  -10.7280760    
 norm    5.18234894E-02
 
 Current UP_NUM =           10
 number         468
 conver is    21.9345093      times
 Enegy is  -10.7282953    
 norm    5.14808707E-02
 
 Current UP_NUM =           10
 number         469
 conver is    22.6974487      times
 Enegy is  -10.7285223    
 norm    5.11406772E-02
 
 Current UP_NUM =           10
 number         470
 conver is    5.62667847      times
 Enegy is  -10.7285786    
 norm    5.08418046E-02
 
 Current UP_NUM =           10
 number         472
 conver is    24.1279602      times
 Enegy is  -10.7289410    
 norm    5.01877107E-02
 
 Current UP_NUM =           10
 number         473
 conver is    13.7329102      times
 Enegy is  -10.7290783    
 norm    4.98770736E-02
 
 Current UP_NUM =           10
 number         474
 conver is    2.67028809      times
 Enegy is  -10.7291050    
 norm    4.95938286E-02
 
 Current UP_NUM =           10
 number         475
 conver is    17.0707703      times
 Enegy is  -10.7292757    
 norm    4.92755920E-02
 
 Current UP_NUM =           10
 number         476
 conver is    14.8773193      times
 Enegy is  -10.7294245    
 norm    4.89657559E-02
 
 Current UP_NUM =           10
 number         477
 conver is    20.1225281      times
 Enegy is  -10.7296257    
 norm    4.86447215E-02
 
 Current UP_NUM =           10
 number         478
 conver is    6.86645508      times
 Enegy is  -10.7296944    
 norm    4.83574457E-02
 
 Current UP_NUM =           10
 number         479
 conver is    6.19888306      times
 Enegy is  -10.7296324    
 norm    4.81118597E-02
 
 Current UP_NUM =           10
 number         480
 conver is    24.9862671      times
 Enegy is  -10.7298822    
 norm    4.77796011E-02
 
 Current UP_NUM =           10
 number         481
 conver is    8.20159912      times
 Enegy is  -10.7299643    
 norm    4.74936701E-02
 
 Current UP_NUM =           10
 number         482
 conver is    6.67572021      times
 Enegy is  -10.7300310    
 norm    4.72160392E-02
         483
  -10.7300282    
 UP_NUM =           11
 HamilSize     13037895
 create Chash
 start raily method
